#
# There is insufficient memory for the Java Runtime Environment to continue.
# Native memory allocation (malloc) failed to allocate 1824496 bytes for Chunk::new
# Possible reasons:
#   The system is out of physical RAM or swap space
#   The process is running with CompressedOops enabled, and the Java Heap may be blocking the growth of the native heap
# Possible solutions:
#   Reduce memory load on the system
#   Increase physical memory or swap space
#   Check if swap backing store is full
#   Decrease Java heap size (-Xmx/-Xms)
#   Decrease number of Java threads
#   Decrease Java thread stack sizes (-Xss)
#   Set larger code cache with -XX:ReservedCodeCacheSize=
#   JVM is running with Unscaled Compressed Oops mode in which the Java heap is
#     placed in the first 4GB address space. The Java Heap base address is the
#     maximum limit for the native heap growth. Please use -XX:HeapBaseMinAddress
#     to set the Java Heap base and to place the Java Heap above 4GB virtual address.
# This output file may be truncated or incomplete.
#
#  Out of Memory Error (arena.cpp:189), pid=25668, tid=28736
#
# JRE version: Java(TM) SE Runtime Environment (17.0.9+11) (build 17.0.9+11-LTS-201)
# Java VM: Java HotSpot(TM) 64-Bit Server VM (17.0.9+11-LTS-201, mixed mode, sharing, tiered, compressed oops, compressed class ptrs, g1 gc, windows-amd64)
# No core dump will be written. Minidumps are not enabled by default on client versions of Windows
#

---------------  S U M M A R Y ------------

Command Line: -XX:MaxMetaspaceSize=512m --add-opens=java.base/java.util=ALL-UNNAMED --add-opens=java.base/java.lang=ALL-UNNAMED --add-opens=java.base/java.lang.invoke=ALL-UNNAMED --add-opens=java.prefs/java.util.prefs=ALL-UNNAMED --add-opens=java.base/java.nio.charset=ALL-UNNAMED --add-opens=java.base/java.net=ALL-UNNAMED --add-opens=java.base/java.util.concurrent.atomic=ALL-UNNAMED -Xmx2048m -Dfile.encoding=windows-1252 -Duser.country=FR -Duser.language=fr -Duser.variant -javaagent:C:\Users\bouir\.gradle\wrapper\dists\gradle-8.3-all\6en3ugtfdg5xnpx44z4qbwgas\gradle-8.3\lib\agents\gradle-instrumentation-agent-8.3.jar org.gradle.launcher.daemon.bootstrap.GradleDaemon 8.3

Host: AMD Ryzen 5 5500U with Radeon Graphics         , 12 cores, 5G,  Windows 11 , 64 bit Build 22621 (10.0.22621.2506)
Time: Tue Dec 26 01:49:30 2023 Maroc (heure d64 bit Build 22621 (10.0.22621.2506) elapsed time: 3.881937 seconds (0d 0h 0m 3s)

---------------  T H R E A D  ---------------

Current thread (0x000002423cff00a0):  JavaThread "C2 CompilerThread0" daemon [_thread_in_native, id=28736, stack(0x000000b914700000,0x000000b914800000)]


Current CompileTask:
C2:   3882 2467   !   4       java.net.URLClassLoader::findClass (47 bytes)

Stack: [0x000000b914700000,0x000000b914800000]
Native frames: (J=compiled Java code, j=interpreted, Vv=VM code, C=native code)
V  [jvm.dll+0x678a4a]
V  [jvm.dll+0x7d9cfd]
V  [jvm.dll+0x7db60e]
V  [jvm.dll+0x7dbc73]
V  [jvm.dll+0x245e1f]
V  [jvm.dll+0xaaafb]
V  [jvm.dll+0xab09c]
V  [jvm.dll+0x36232f]
V  [jvm.dll+0x32ca01]
V  [jvm.dll+0x32be9a]
V  [jvm.dll+0x21812f]
V  [jvm.dll+0x217561]
V  [jvm.dll+0x1a3bc0]
V  [jvm.dll+0x2272de]
V  [jvm.dll+0x22548b]
V  [jvm.dll+0x78f58c]
V  [jvm.dll+0x78998a]
V  [jvm.dll+0x677875]
C  [ucrtbase.dll+0x29363]
C  [KERNEL32.DLL+0x1257d]
C  [ntdll.dll+0x5aa58]


---------------  P R O C E S S  ---------------

Threads class SMR info:
_java_thread_list=0x000002425e4c44d0, length=25, elements={
0x000002421e9b4140, 0x000002423cfd2d30, 0x000002423cfd3bb0, 0x000002423cfe93a0,
0x000002423cfe9f60, 0x000002423cfec930, 0x000002423cfed2f0, 0x000002423cff00a0,
0x000002423cff0f60, 0x000002423cff3970, 0x000002423d22ab40, 0x000002423d32a0e0,
0x000002425dc6d770, 0x000002425db23180, 0x000002425dda0af0, 0x000002425dd72970,
0x000002425da8c910, 0x000002425d640880, 0x000002425d6412a0, 0x000002425d63daf0,
0x000002425d640d90, 0x000002425d63ef30, 0x000002425d63f440, 0x000002425d63e510,
0x000002425d640370
}

Java Threads: ( => current thread )
  0x000002421e9b4140 JavaThread "main" [_thread_blocked, id=29180, stack(0x000000b913a00000,0x000000b913b00000)]
  0x000002423cfd2d30 JavaThread "Reference Handler" daemon [_thread_blocked, id=23584, stack(0x000000b914100000,0x000000b914200000)]
  0x000002423cfd3bb0 JavaThread "Finalizer" daemon [_thread_blocked, id=19736, stack(0x000000b914200000,0x000000b914300000)]
  0x000002423cfe93a0 JavaThread "Signal Dispatcher" daemon [_thread_blocked, id=19712, stack(0x000000b914300000,0x000000b914400000)]
  0x000002423cfe9f60 JavaThread "Attach Listener" daemon [_thread_blocked, id=4812, stack(0x000000b914400000,0x000000b914500000)]
  0x000002423cfec930 JavaThread "Service Thread" daemon [_thread_blocked, id=16644, stack(0x000000b914500000,0x000000b914600000)]
  0x000002423cfed2f0 JavaThread "Monitor Deflation Thread" daemon [_thread_blocked, id=7716, stack(0x000000b914600000,0x000000b914700000)]
=>0x000002423cff00a0 JavaThread "C2 CompilerThread0" daemon [_thread_in_native, id=28736, stack(0x000000b914700000,0x000000b914800000)]
  0x000002423cff0f60 JavaThread "C1 CompilerThread0" daemon [_thread_blocked, id=12224, stack(0x000000b914800000,0x000000b914900000)]
  0x000002423cff3970 JavaThread "Sweeper thread" daemon [_thread_blocked, id=14000, stack(0x000000b914900000,0x000000b914a00000)]
  0x000002423d22ab40 JavaThread "Common-Cleaner" daemon [_thread_blocked, id=4532, stack(0x000000b914a00000,0x000000b914b00000)]
  0x000002423d32a0e0 JavaThread "Notification Thread" daemon [_thread_blocked, id=29204, stack(0x000000b914b00000,0x000000b914c00000)]
  0x000002425dc6d770 JavaThread "Daemon health stats" [_thread_blocked, id=15764, stack(0x000000b915100000,0x000000b915200000)]
  0x000002425db23180 JavaThread "Incoming local TCP Connector on port 64166" [_thread_in_native, id=3288, stack(0x000000b915200000,0x000000b915300000)]
  0x000002425dda0af0 JavaThread "Daemon periodic checks" [_thread_blocked, id=17912, stack(0x000000b915300000,0x000000b915400000)]
  0x000002425dd72970 JavaThread "Daemon" [_thread_blocked, id=15984, stack(0x000000b915400000,0x000000b915500000)]
  0x000002425da8c910 JavaThread "Handler for socket connection from /127.0.0.1:64166 to /127.0.0.1:64167" [_thread_in_native, id=21924, stack(0x000000b915500000,0x000000b915600000)]
  0x000002425d640880 JavaThread "Cancel handler" [_thread_blocked, id=7320, stack(0x000000b915600000,0x000000b915700000)]
  0x000002425d6412a0 JavaThread "Daemon worker" [_thread_in_Java, id=2052, stack(0x000000b915700000,0x000000b915800000)]
  0x000002425d63daf0 JavaThread "Asynchronous log dispatcher for DefaultDaemonConnection: socket connection from /127.0.0.1:64166 to /127.0.0.1:64167" [_thread_blocked, id=22592, stack(0x000000b915800000,0x000000b915900000)]
  0x000002425d640d90 JavaThread "Stdin handler" [_thread_blocked, id=20796, stack(0x000000b915900000,0x000000b915a00000)]
  0x000002425d63ef30 JavaThread "Daemon client event forwarder" [_thread_blocked, id=16100, stack(0x000000b915a00000,0x000000b915b00000)]
  0x000002425d63f440 JavaThread "Cache worker for journal cache (C:\Users\bouir\.gradle\caches\journal-1)" [_thread_blocked, id=8016, stack(0x000000b916000000,0x000000b916100000)]
  0x000002425d63e510 JavaThread "File lock request listener" [_thread_in_native, id=8148, stack(0x000000b916100000,0x000000b916200000)]
  0x000002425d640370 JavaThread "Cache worker for file hash cache (C:\Users\bouir\.gradle\caches\8.3\fileHashes)" [_thread_blocked, id=25532, stack(0x000000b916200000,0x000000b916300000)]

Other Threads:
  0x000002423cfd1590 VMThread "VM Thread" [stack: 0x000000b914000000,0x000000b914100000] [id=15828]
  0x000002423d32a5c0 WatcherThread [stack: 0x000000b914c00000,0x000000b914d00000] [id=27768]
  0x000002421ea0c4c0 GCTaskThread "GC Thread#0" [stack: 0x000000b913b00000,0x000000b913c00000] [id=11504]
  0x000002423dd4acb0 GCTaskThread "GC Thread#1" [stack: 0x000000b914d00000,0x000000b914e00000] [id=23952]
  0x000002423dc210b0 GCTaskThread "GC Thread#2" [stack: 0x000000b914e00000,0x000000b914f00000] [id=16292]
  0x000002423dc21370 GCTaskThread "GC Thread#3" [stack: 0x000000b914f00000,0x000000b915000000] [id=26636]
  0x000002423dafb920 GCTaskThread "GC Thread#4" [stack: 0x000000b915000000,0x000000b915100000] [id=21888]
  0x000002425e38c020 GCTaskThread "GC Thread#5" [stack: 0x000000b915b00000,0x000000b915c00000] [id=9084]
  0x000002425e38c2e0 GCTaskThread "GC Thread#6" [stack: 0x000000b915c00000,0x000000b915d00000] [id=26104]
  0x000002425e3a9be0 GCTaskThread "GC Thread#7" [stack: 0x000000b915d00000,0x000000b915e00000] [id=29588]
  0x000002425e3a9ea0 GCTaskThread "GC Thread#8" [stack: 0x000000b915e00000,0x000000b915f00000] [id=27720]
  0x000002425de1b060 GCTaskThread "GC Thread#9" [stack: 0x000000b915f00000,0x000000b916000000] [id=22612]
  0x000002421ea1e420 ConcurrentGCThread "G1 Main Marker" [stack: 0x000000b913c00000,0x000000b913d00000] [id=25656]
  0x000002421ea1ee30 ConcurrentGCThread "G1 Conc#0" [stack: 0x000000b913d00000,0x000000b913e00000] [id=22076]
  0x000002423ce8b5c0 ConcurrentGCThread "G1 Refine#0" [stack: 0x000000b913e00000,0x000000b913f00000] [id=25116]
  0x000002423ce8ce10 ConcurrentGCThread "G1 Service" [stack: 0x000000b913f00000,0x000000b914000000] [id=11680]

Threads with active compile tasks:
C2 CompilerThread0     3925 2467   !   4       java.net.URLClassLoader::findClass (47 bytes)

VM state: not at safepoint (normal execution)

VM Mutex/Monitor currently owned by a thread: None

Heap address: 0x0000000080000000, size: 2048 MB, Compressed Oops mode: 32-bit

CDS archive(s) mapped at: [0x000002423e000000-0x000002423ebd0000-0x000002423ebd0000), size 12386304, SharedBaseAddress: 0x000002423e000000, ArchiveRelocationMode: 1.
Compressed class space mapped at: 0x000002423f000000-0x0000024259000000, reserved size: 436207616
Narrow klass base: 0x000002423e000000, Narrow klass shift: 0, Narrow klass range: 0x100000000

GC Precious Log:
 CPUs: 12 total, 12 available
 Memory: 6005M
 Large Page Support: Disabled
 NUMA Support: Disabled
 Compressed Oops: Enabled (32-bit)
 Heap Region Size: 1M
 Heap Min Capacity: 8M
 Heap Initial Capacity: 94M
 Heap Max Capacity: 2G
 Pre-touch: Disabled
 Parallel Workers: 10
 Concurrent Workers: 3
 Concurrent Refinement Workers: 10
 Periodic GC: Disabled

Heap:
 garbage-first heap   total 96256K, used 22086K [0x0000000080000000, 0x0000000100000000)
  region size 1024K, 4 young (4096K), 3 survivors (3072K)
 Metaspace       used 18696K, committed 19008K, reserved 491520K
  class space    used 2743K, committed 2880K, reserved 425984K

Heap Regions: E=young(eden), S=young(survivor), O=old, HS=humongous(starts), HC=humongous(continues), CS=collection set, F=free, OA=open archive, CA=closed archive, TAMS=top-at-mark-start (previous, next)
|   0|0x0000000080000000, 0x0000000080100000, 0x0000000080100000|100%|HS|  |TAMS 0x0000000080000000, 0x0000000080000000| Complete 
|   1|0x0000000080100000, 0x0000000080200000, 0x0000000080200000|100%|HC|  |TAMS 0x0000000080100000, 0x0000000080100000| Complete 
|   2|0x0000000080200000, 0x0000000080300000, 0x0000000080300000|100%|HC|  |TAMS 0x0000000080200000, 0x0000000080200000| Complete 
|   3|0x0000000080300000, 0x0000000080400000, 0x0000000080400000|100%|HC|  |TAMS 0x0000000080300000, 0x0000000080300000| Complete 
|   4|0x0000000080400000, 0x0000000080500000, 0x0000000080500000|100%| O|  |TAMS 0x0000000080400000, 0x0000000080400000| Untracked 
|   5|0x0000000080500000, 0x0000000080600000, 0x0000000080600000|100%| O|  |TAMS 0x0000000080500000, 0x0000000080500000| Untracked 
|   6|0x0000000080600000, 0x0000000080700000, 0x0000000080700000|100%| O|  |TAMS 0x0000000080600000, 0x0000000080600000| Untracked 
|   7|0x0000000080700000, 0x0000000080800000, 0x0000000080800000|100%| O|  |TAMS 0x0000000080700000, 0x0000000080700000| Untracked 
|   8|0x0000000080800000, 0x0000000080900000, 0x0000000080900000|100%| O|  |TAMS 0x0000000080800000, 0x0000000080800000| Untracked 
|   9|0x0000000080900000, 0x0000000080a00000, 0x0000000080a00000|100%| O|  |TAMS 0x0000000080900000, 0x0000000080900000| Untracked 
|  10|0x0000000080a00000, 0x0000000080b00000, 0x0000000080b00000|100%| O|  |TAMS 0x0000000080a00000, 0x0000000080a00000| Untracked 
|  11|0x0000000080b00000, 0x0000000080c00000, 0x0000000080c00000|100%| O|  |TAMS 0x0000000080b00000, 0x0000000080b00000| Untracked 
|  12|0x0000000080c00000, 0x0000000080d00000, 0x0000000080d00000|100%| O|  |TAMS 0x0000000080c00000, 0x0000000080c00000| Untracked 
|  13|0x0000000080d00000, 0x0000000080e00000, 0x0000000080e00000|100%| O|  |TAMS 0x0000000080d00000, 0x0000000080d00000| Untracked 
|  14|0x0000000080e00000, 0x0000000080f00000, 0x0000000080f00000|100%| O|  |TAMS 0x0000000080e00000, 0x0000000080e00000| Untracked 
|  15|0x0000000080f00000, 0x0000000081000000, 0x0000000081000000|100%| O|  |TAMS 0x0000000080f00000, 0x0000000080f00000| Untracked 
|  16|0x0000000081000000, 0x0000000081100000, 0x0000000081100000|100%| O|  |TAMS 0x0000000081000000, 0x0000000081000000| Untracked 
|  17|0x0000000081100000, 0x0000000081200000, 0x0000000081200000|100%| O|  |TAMS 0x0000000081100000, 0x0000000081100000| Untracked 
|  18|0x0000000081200000, 0x00000000812cdc00, 0x0000000081300000| 80%| O|  |TAMS 0x0000000081200000, 0x0000000081200000| Untracked 
|  19|0x0000000081300000, 0x0000000081300000, 0x0000000081400000|  0%| F|  |TAMS 0x0000000081300000, 0x0000000081300000| Untracked 
|  20|0x0000000081400000, 0x0000000081400000, 0x0000000081500000|  0%| F|  |TAMS 0x0000000081400000, 0x0000000081400000| Untracked 
|  21|0x0000000081500000, 0x0000000081500000, 0x0000000081600000|  0%| F|  |TAMS 0x0000000081500000, 0x0000000081500000| Untracked 
|  22|0x0000000081600000, 0x0000000081600000, 0x0000000081700000|  0%| F|  |TAMS 0x0000000081600000, 0x0000000081600000| Untracked 
|  23|0x0000000081700000, 0x0000000081700000, 0x0000000081800000|  0%| F|  |TAMS 0x0000000081700000, 0x0000000081700000| Untracked 
|  24|0x0000000081800000, 0x0000000081800000, 0x0000000081900000|  0%| F|  |TAMS 0x0000000081800000, 0x0000000081800000| Untracked 
|  25|0x0000000081900000, 0x0000000081900000, 0x0000000081a00000|  0%| F|  |TAMS 0x0000000081900000, 0x0000000081900000| Untracked 
|  26|0x0000000081a00000, 0x0000000081a00000, 0x0000000081b00000|  0%| F|  |TAMS 0x0000000081a00000, 0x0000000081a00000| Untracked 
|  27|0x0000000081b00000, 0x0000000081b00000, 0x0000000081c00000|  0%| F|  |TAMS 0x0000000081b00000, 0x0000000081b00000| Untracked 
|  28|0x0000000081c00000, 0x0000000081c00000, 0x0000000081d00000|  0%| F|  |TAMS 0x0000000081c00000, 0x0000000081c00000| Untracked 
|  29|0x0000000081d00000, 0x0000000081d00000, 0x0000000081e00000|  0%| F|  |TAMS 0x0000000081d00000, 0x0000000081d00000| Untracked 
|  30|0x0000000081e00000, 0x0000000081e00000, 0x0000000081f00000|  0%| F|  |TAMS 0x0000000081e00000, 0x0000000081e00000| Untracked 
|  31|0x0000000081f00000, 0x0000000081f00000, 0x0000000082000000|  0%| F|  |TAMS 0x0000000081f00000, 0x0000000081f00000| Untracked 
|  32|0x0000000082000000, 0x0000000082000000, 0x0000000082100000|  0%| F|  |TAMS 0x0000000082000000, 0x0000000082000000| Untracked 
|  33|0x0000000082100000, 0x0000000082100000, 0x0000000082200000|  0%| F|  |TAMS 0x0000000082100000, 0x0000000082100000| Untracked 
|  34|0x0000000082200000, 0x0000000082200000, 0x0000000082300000|  0%| F|  |TAMS 0x0000000082200000, 0x0000000082200000| Untracked 
|  35|0x0000000082300000, 0x0000000082300000, 0x0000000082400000|  0%| F|  |TAMS 0x0000000082300000, 0x0000000082300000| Untracked 
|  36|0x0000000082400000, 0x0000000082400000, 0x0000000082500000|  0%| F|  |TAMS 0x0000000082400000, 0x0000000082400000| Untracked 
|  37|0x0000000082500000, 0x0000000082500000, 0x0000000082600000|  0%| F|  |TAMS 0x0000000082500000, 0x0000000082500000| Untracked 
|  38|0x0000000082600000, 0x0000000082600000, 0x0000000082700000|  0%| F|  |TAMS 0x0000000082600000, 0x0000000082600000| Untracked 
|  39|0x0000000082700000, 0x0000000082700000, 0x0000000082800000|  0%| F|  |TAMS 0x0000000082700000, 0x0000000082700000| Untracked 
|  40|0x0000000082800000, 0x0000000082800000, 0x0000000082900000|  0%| F|  |TAMS 0x0000000082800000, 0x0000000082800000| Untracked 
|  41|0x0000000082900000, 0x0000000082900000, 0x0000000082a00000|  0%| F|  |TAMS 0x0000000082900000, 0x0000000082900000| Untracked 
|  42|0x0000000082a00000, 0x0000000082a00000, 0x0000000082b00000|  0%| F|  |TAMS 0x0000000082a00000, 0x0000000082a00000| Untracked 
|  43|0x0000000082b00000, 0x0000000082b00000, 0x0000000082c00000|  0%| F|  |TAMS 0x0000000082b00000, 0x0000000082b00000| Untracked 
|  44|0x0000000082c00000, 0x0000000082c00000, 0x0000000082d00000|  0%| F|  |TAMS 0x0000000082c00000, 0x0000000082c00000| Untracked 
|  45|0x0000000082d00000, 0x0000000082d00000, 0x0000000082e00000|  0%| F|  |TAMS 0x0000000082d00000, 0x0000000082d00000| Untracked 
|  46|0x0000000082e00000, 0x0000000082e00000, 0x0000000082f00000|  0%| F|  |TAMS 0x0000000082e00000, 0x0000000082e00000| Untracked 
|  47|0x0000000082f00000, 0x0000000082f00000, 0x0000000083000000|  0%| F|  |TAMS 0x0000000082f00000, 0x0000000082f00000| Untracked 
|  48|0x0000000083000000, 0x00000000830c3f08, 0x0000000083100000| 76%| S|CS|TAMS 0x0000000083000000, 0x0000000083000000| Complete 
|  49|0x0000000083100000, 0x0000000083200000, 0x0000000083200000|100%| S|CS|TAMS 0x0000000083100000, 0x0000000083100000| Complete 
|  50|0x0000000083200000, 0x0000000083300000, 0x0000000083300000|100%| S|CS|TAMS 0x0000000083200000, 0x0000000083200000| Complete 
|  51|0x0000000083300000, 0x0000000083300000, 0x0000000083400000|  0%| F|  |TAMS 0x0000000083300000, 0x0000000083300000| Untracked 
|  52|0x0000000083400000, 0x0000000083400000, 0x0000000083500000|  0%| F|  |TAMS 0x0000000083400000, 0x0000000083400000| Untracked 
|  53|0x0000000083500000, 0x0000000083500000, 0x0000000083600000|  0%| F|  |TAMS 0x0000000083500000, 0x0000000083500000| Untracked 
|  54|0x0000000083600000, 0x0000000083600000, 0x0000000083700000|  0%| F|  |TAMS 0x0000000083600000, 0x0000000083600000| Untracked 
|  55|0x0000000083700000, 0x0000000083700000, 0x0000000083800000|  0%| F|  |TAMS 0x0000000083700000, 0x0000000083700000| Untracked 
|  56|0x0000000083800000, 0x0000000083800000, 0x0000000083900000|  0%| F|  |TAMS 0x0000000083800000, 0x0000000083800000| Untracked 
|  57|0x0000000083900000, 0x0000000083900000, 0x0000000083a00000|  0%| F|  |TAMS 0x0000000083900000, 0x0000000083900000| Untracked 
|  58|0x0000000083a00000, 0x0000000083a00000, 0x0000000083b00000|  0%| F|  |TAMS 0x0000000083a00000, 0x0000000083a00000| Untracked 
|  59|0x0000000083b00000, 0x0000000083b00000, 0x0000000083c00000|  0%| F|  |TAMS 0x0000000083b00000, 0x0000000083b00000| Untracked 
|  60|0x0000000083c00000, 0x0000000083c00000, 0x0000000083d00000|  0%| F|  |TAMS 0x0000000083c00000, 0x0000000083c00000| Untracked 
|  61|0x0000000083d00000, 0x0000000083d00000, 0x0000000083e00000|  0%| F|  |TAMS 0x0000000083d00000, 0x0000000083d00000| Untracked 
|  62|0x0000000083e00000, 0x0000000083e00000, 0x0000000083f00000|  0%| F|  |TAMS 0x0000000083e00000, 0x0000000083e00000| Untracked 
|  63|0x0000000083f00000, 0x0000000083f00000, 0x0000000084000000|  0%| F|  |TAMS 0x0000000083f00000, 0x0000000083f00000| Untracked 
|  64|0x0000000084000000, 0x0000000084000000, 0x0000000084100000|  0%| F|  |TAMS 0x0000000084000000, 0x0000000084000000| Untracked 
|  65|0x0000000084100000, 0x0000000084100000, 0x0000000084200000|  0%| F|  |TAMS 0x0000000084100000, 0x0000000084100000| Untracked 
|  66|0x0000000084200000, 0x0000000084200000, 0x0000000084300000|  0%| F|  |TAMS 0x0000000084200000, 0x0000000084200000| Untracked 
|  67|0x0000000084300000, 0x0000000084300000, 0x0000000084400000|  0%| F|  |TAMS 0x0000000084300000, 0x0000000084300000| Untracked 
|  68|0x0000000084400000, 0x0000000084400000, 0x0000000084500000|  0%| F|  |TAMS 0x0000000084400000, 0x0000000084400000| Untracked 
|  69|0x0000000084500000, 0x0000000084500000, 0x0000000084600000|  0%| F|  |TAMS 0x0000000084500000, 0x0000000084500000| Untracked 
|  70|0x0000000084600000, 0x0000000084600000, 0x0000000084700000|  0%| F|  |TAMS 0x0000000084600000, 0x0000000084600000| Untracked 
|  71|0x0000000084700000, 0x0000000084700000, 0x0000000084800000|  0%| F|  |TAMS 0x0000000084700000, 0x0000000084700000| Untracked 
|  72|0x0000000084800000, 0x0000000084800000, 0x0000000084900000|  0%| F|  |TAMS 0x0000000084800000, 0x0000000084800000| Untracked 
|  73|0x0000000084900000, 0x0000000084900000, 0x0000000084a00000|  0%| F|  |TAMS 0x0000000084900000, 0x0000000084900000| Untracked 
|  74|0x0000000084a00000, 0x0000000084a00000, 0x0000000084b00000|  0%| F|  |TAMS 0x0000000084a00000, 0x0000000084a00000| Untracked 
|  75|0x0000000084b00000, 0x0000000084b00000, 0x0000000084c00000|  0%| F|  |TAMS 0x0000000084b00000, 0x0000000084b00000| Untracked 
|  76|0x0000000084c00000, 0x0000000084c00000, 0x0000000084d00000|  0%| F|  |TAMS 0x0000000084c00000, 0x0000000084c00000| Untracked 
|  77|0x0000000084d00000, 0x0000000084d00000, 0x0000000084e00000|  0%| F|  |TAMS 0x0000000084d00000, 0x0000000084d00000| Untracked 
|  78|0x0000000084e00000, 0x0000000084e00000, 0x0000000084f00000|  0%| F|  |TAMS 0x0000000084e00000, 0x0000000084e00000| Untracked 
|  79|0x0000000084f00000, 0x0000000084f00000, 0x0000000085000000|  0%| F|  |TAMS 0x0000000084f00000, 0x0000000084f00000| Untracked 
|  80|0x0000000085000000, 0x0000000085000000, 0x0000000085100000|  0%| F|  |TAMS 0x0000000085000000, 0x0000000085000000| Untracked 
|  81|0x0000000085100000, 0x0000000085100000, 0x0000000085200000|  0%| F|  |TAMS 0x0000000085100000, 0x0000000085100000| Untracked 
|  82|0x0000000085200000, 0x0000000085200000, 0x0000000085300000|  0%| F|  |TAMS 0x0000000085200000, 0x0000000085200000| Untracked 
|  83|0x0000000085300000, 0x0000000085300000, 0x0000000085400000|  0%| F|  |TAMS 0x0000000085300000, 0x0000000085300000| Untracked 
|  84|0x0000000085400000, 0x0000000085400000, 0x0000000085500000|  0%| F|  |TAMS 0x0000000085400000, 0x0000000085400000| Untracked 
|  85|0x0000000085500000, 0x0000000085500000, 0x0000000085600000|  0%| F|  |TAMS 0x0000000085500000, 0x0000000085500000| Untracked 
|  86|0x0000000085600000, 0x0000000085600000, 0x0000000085700000|  0%| F|  |TAMS 0x0000000085600000, 0x0000000085600000| Untracked 
|  87|0x0000000085700000, 0x0000000085700000, 0x0000000085800000|  0%| F|  |TAMS 0x0000000085700000, 0x0000000085700000| Untracked 
|  88|0x0000000085800000, 0x0000000085800000, 0x0000000085900000|  0%| F|  |TAMS 0x0000000085800000, 0x0000000085800000| Untracked 
|  89|0x0000000085900000, 0x0000000085900000, 0x0000000085a00000|  0%| F|  |TAMS 0x0000000085900000, 0x0000000085900000| Untracked 
|  90|0x0000000085a00000, 0x0000000085a00000, 0x0000000085b00000|  0%| F|  |TAMS 0x0000000085a00000, 0x0000000085a00000| Untracked 
|  91|0x0000000085b00000, 0x0000000085b00000, 0x0000000085c00000|  0%| F|  |TAMS 0x0000000085b00000, 0x0000000085b00000| Untracked 
|  92|0x0000000085c00000, 0x0000000085c00000, 0x0000000085d00000|  0%| F|  |TAMS 0x0000000085c00000, 0x0000000085c00000| Untracked 
|  93|0x0000000085d00000, 0x0000000085da5980, 0x0000000085e00000| 64%| E|  |TAMS 0x0000000085d00000, 0x0000000085d00000| Complete 

Card table byte_map: [0x0000024235ba0000,0x0000024235fa0000] _byte_map_base: 0x00000242357a0000

Marking Bits (Prev, Next): (CMBitMap*) 0x000002421ea0cae0, (CMBitMap*) 0x000002421ea0cb20
 Prev Bits: [0x00000242363a0000, 0x00000242383a0000)
 Next Bits: [0x00000242383a0000, 0x000002423a3a0000)

Polling page: 0x000002421c8f0000

Metaspace:

Usage:
  Non-class:     15.58 MB used.
      Class:      2.68 MB used.
       Both:     18.26 MB used.

Virtual space:
  Non-class space:       64.00 MB reserved,      15.75 MB ( 25%) committed,  1 nodes.
      Class space:      416.00 MB reserved,       2.81 MB ( <1%) committed,  1 nodes.
             Both:      480.00 MB reserved,      18.56 MB (  4%) committed. 

Chunk freelists:
   Non-Class:  15.77 MB
       Class:  13.19 MB
        Both:  28.95 MB

MaxMetaspaceSize: 512.00 MB
CompressedClassSpaceSize: 416.00 MB
Initial GC threshold: 21.00 MB
Current GC threshold: 21.00 MB
CDS: on
MetaspaceReclaimPolicy: balanced
 - commit_granule_bytes: 65536.
 - commit_granule_words: 8192.
 - virtual_space_node_default_size: 8388608.
 - enlarge_chunks_in_place: 1.
 - new_chunks_are_fully_committed: 0.
 - uncommit_free_chunks: 1.
 - use_allocation_guard: 0.
 - handle_deallocations: 1.


Internal statistics:

num_allocs_failed_limit: 0.
num_arena_births: 220.
num_arena_deaths: 0.
num_vsnodes_births: 2.
num_vsnodes_deaths: 0.
num_space_committed: 297.
num_space_uncommitted: 0.
num_chunks_returned_to_freelist: 0.
num_chunks_taken_from_freelist: 857.
num_chunk_merges: 0.
num_chunk_splits: 570.
num_chunks_enlarged: 421.
num_inconsistent_stats: 0.

CodeHeap 'non-profiled nmethods': size=120000Kb used=1230Kb max_used=1230Kb free=118769Kb
 bounds [0x000002422dd20000, 0x000002422df90000, 0x0000024235250000]
CodeHeap 'profiled nmethods': size=120000Kb used=5254Kb max_used=5254Kb free=114745Kb
 bounds [0x0000024226250000, 0x0000024226780000, 0x000002422d780000]
CodeHeap 'non-nmethods': size=5760Kb used=1226Kb max_used=1266Kb free=4533Kb
 bounds [0x000002422d780000, 0x000002422d9f0000, 0x000002422dd20000]
 total_blobs=3117 nmethods=2579 adapters=450
 compilation: enabled
              stopped_count=0, restarted_count=0
 full_count=0

Compilation events (20 events):
Event: 3.845 Thread 0x000002423cff0f60 2571       3       java.net.URLConnection::<init> (62 bytes)
Event: 3.846 Thread 0x000002423cff0f60 nmethod 2571 0x000002422675c410 code [0x000002422675c620, 0x000002422675cd08]
Event: 3.846 Thread 0x000002423cff0f60 2572       3       java.net.URLConnection::getDefaultUseCaches (30 bytes)
Event: 3.847 Thread 0x000002423cff0f60 nmethod 2572 0x000002422675cf10 code [0x000002422675d100, 0x000002422675d5e8]
Event: 3.860 Thread 0x000002423cff0f60 2573       3       java.lang.PublicMethods$Key::hashCode (19 bytes)
Event: 3.860 Thread 0x000002423cff0f60 nmethod 2573 0x000002422675d790 code [0x000002422675d940, 0x000002422675dad8]
Event: 3.860 Thread 0x000002423cff0f60 2575       3       java.lang.reflect.Proxy$ProxyBuilder::addElementTypes (33 bytes)
Event: 3.861 Thread 0x000002423cff0f60 nmethod 2575 0x000002422675db90 code [0x000002422675dda0, 0x000002422675e488]
Event: 3.861 Thread 0x000002423cff0f60 2574       1       java.lang.reflect.Method::getSharedExceptionTypes (5 bytes)
Event: 3.861 Thread 0x000002423cff0f60 nmethod 2574 0x000002422de53390 code [0x000002422de53520, 0x000002422de535f8]
Event: 3.861 Thread 0x000002423cff0f60 2576       3       jdk.internal.org.objectweb.asm.Frame::putAbstractType (379 bytes)
Event: 3.862 Thread 0x000002423cff0f60 nmethod 2576 0x000002422675e790 code [0x000002422675ebc0, 0x00000242267602f8]
Event: 3.863 Thread 0x000002423cff0f60 2577       3       java.lang.reflect.ProxyGenerator$ProxyMethod::codeClassForName (26 bytes)
Event: 3.863 Thread 0x000002423cff0f60 nmethod 2577 0x0000024226760d10 code [0x0000024226760ee0, 0x00000242267612a8]
Event: 3.863 Thread 0x000002423cff0f60 2578   !   3       org.gradle.internal.service.DefaultServiceRegistry$FactoryService::bind (283 bytes)
Event: 3.866 Thread 0x000002423cff0f60 nmethod 2578 0x0000024226761410 code [0x0000024226761ae0, 0x0000024226766358]
Event: 3.867 Thread 0x000002423cff0f60 2580       3       org.gradle.internal.service.DefaultServiceRegistry$FactoryService::assembleParameters (58 bytes)
Event: 3.867 Thread 0x000002423cff0f60 nmethod 2580 0x0000024226767a10 code [0x0000024226767c00, 0x0000024226768228]
Event: 3.867 Thread 0x000002423cff0f60 2579       3       org.gradle.internal.service.DefaultServiceRegistry$FactoryService::createServiceInstance (18 bytes)
Event: 3.867 Thread 0x000002423cff0f60 nmethod 2579 0x0000024226768410 code [0x00000242267685c0, 0x00000242267687f8]

GC Heap History (6 events):
Event: 0.685 GC heap before
{Heap before GC invocations=0 (full 0):
 garbage-first heap   total 96256K, used 26624K [0x0000000080000000, 0x0000000100000000)
  region size 1024K, 23 young (23552K), 0 survivors (0K)
 Metaspace       used 3064K, committed 3200K, reserved 491520K
  class space    used 392K, committed 448K, reserved 425984K
}
Event: 0.691 GC heap after
{Heap after GC invocations=1 (full 0):
 garbage-first heap   total 96256K, used 10680K [0x0000000080000000, 0x0000000100000000)
  region size 1024K, 3 young (3072K), 3 survivors (3072K)
 Metaspace       used 3064K, committed 3200K, reserved 491520K
  class space    used 392K, committed 448K, reserved 425984K
}
Event: 1.271 GC heap before
{Heap before GC invocations=1 (full 0):
 garbage-first heap   total 96256K, used 39352K [0x0000000080000000, 0x0000000100000000)
  region size 1024K, 30 young (30720K), 3 survivors (3072K)
 Metaspace       used 3996K, committed 4160K, reserved 491520K
  class space    used 490K, committed 576K, reserved 425984K
}
Event: 1.276 GC heap after
{Heap after GC invocations=2 (full 0):
 garbage-first heap   total 96256K, used 12146K [0x0000000080000000, 0x0000000100000000)
  region size 1024K, 2 young (2048K), 2 survivors (2048K)
 Metaspace       used 3996K, committed 4160K, reserved 491520K
  class space    used 490K, committed 576K, reserved 425984K
}
Event: 2.902 GC heap before
{Heap before GC invocations=2 (full 0):
 garbage-first heap   total 96256K, used 63346K [0x0000000080000000, 0x0000000100000000)
  region size 1024K, 52 young (53248K), 2 survivors (2048K)
 Metaspace       used 12579K, committed 12800K, reserved 491520K
  class space    used 1760K, committed 1856K, reserved 425984K
}
Event: 2.909 GC heap after
{Heap after GC invocations=3 (full 0):
 garbage-first heap   total 96256K, used 19441K [0x0000000080000000, 0x0000000100000000)
  region size 1024K, 7 young (7168K), 7 survivors (7168K)
 Metaspace       used 12579K, committed 12800K, reserved 491520K
  class space    used 1760K, committed 1856K, reserved 425984K
}

Deoptimization events (20 events):
Event: 3.125 Thread 0x000002425d6412a0 DEOPT PACKING pc=0x0000024226604bea sp=0x000000b9157fca70
Event: 3.125 Thread 0x000002425d6412a0 DEOPT UNPACKING pc=0x000002422d7d2b43 sp=0x000000b9157fbf80 mode 0
Event: 3.245 Thread 0x000002425d6412a0 Uncommon trap: trap_request=0xffffff45 fr.pc=0x000002422dde4674 relative=0x0000000000000074
Event: 3.245 Thread 0x000002425d6412a0 Uncommon trap: reason=unstable_if action=reinterpret pc=0x000002422dde4674 method=jdk.internal.misc.Unsafe.convEndian(ZI)I @ 4 c2
Event: 3.245 Thread 0x000002425d6412a0 DEOPT PACKING pc=0x000002422dde4674 sp=0x000000b9157fada0
Event: 3.245 Thread 0x000002425d6412a0 DEOPT UNPACKING pc=0x000002422d7d23a3 sp=0x000000b9157faca8 mode 2
Event: 3.481 Thread 0x000002425d6412a0 DEOPT PACKING pc=0x0000024226604bc9 sp=0x000000b9157fbf00
Event: 3.481 Thread 0x000002425d6412a0 DEOPT UNPACKING pc=0x000002422d7d2b43 sp=0x000000b9157fb410 mode 0
Event: 3.505 Thread 0x000002425d6412a0 DEOPT PACKING pc=0x0000024226604bc9 sp=0x000000b9157f8130
Event: 3.505 Thread 0x000002425d6412a0 DEOPT UNPACKING pc=0x000002422d7d2b43 sp=0x000000b9157f7640 mode 0
Event: 3.514 Thread 0x000002425d6412a0 DEOPT PACKING pc=0x0000024226604bea sp=0x000000b9157fc770
Event: 3.514 Thread 0x000002425d6412a0 DEOPT UNPACKING pc=0x000002422d7d2b43 sp=0x000000b9157fbc80 mode 0
Event: 3.577 Thread 0x000002425d6412a0 Uncommon trap: trap_request=0xffffff45 fr.pc=0x000002422de1fd80 relative=0x00000000000003c0
Event: 3.577 Thread 0x000002425d6412a0 Uncommon trap: reason=unstable_if action=reinterpret pc=0x000002422de1fd80 method=java.util.HashMap.getNode(Ljava/lang/Object;)Ljava/util/HashMap$Node; @ 131 c2
Event: 3.577 Thread 0x000002425d6412a0 DEOPT PACKING pc=0x000002422de1fd80 sp=0x000000b9157fb210
Event: 3.577 Thread 0x000002425d6412a0 DEOPT UNPACKING pc=0x000002422d7d23a3 sp=0x000000b9157fb130 mode 2
Event: 3.699 Thread 0x000002425d6412a0 Uncommon trap: trap_request=0xffffff45 fr.pc=0x000002422dd45978 relative=0x00000000000000d8
Event: 3.699 Thread 0x000002425d6412a0 Uncommon trap: reason=unstable_if action=reinterpret pc=0x000002422dd45978 method=java.util.HashMap.hash(Ljava/lang/Object;)I @ 1 c2
Event: 3.699 Thread 0x000002425d6412a0 DEOPT PACKING pc=0x000002422dd45978 sp=0x000000b9157fa1a0
Event: 3.699 Thread 0x000002425d6412a0 DEOPT UNPACKING pc=0x000002422d7d23a3 sp=0x000000b9157fa0e0 mode 2

Classes unloaded (0 events):
No events

Classes redefined (0 events):
No events

Internal exceptions (20 events):
Event: 2.746 Thread 0x000002425d6412a0 Exception <a 'java/lang/NoSuchMethodError'{0x0000000082f12380}: 'void java.lang.invoke.DirectMethodHandle$Holder.invokeSpecial(java.lang.Object, java.lang.Object, java.lang.Object, java.lang.Object, java.lang.Object)'> (0x0000000082f12380) 
thrown [s\open\src\hotspot\share\interpreter\linkResolver.cpp, line 759]
Event: 2.748 Thread 0x000002425d6412a0 Exception <a 'java/lang/NoSuchMethodError'{0x0000000082f261a0}: 'void java.lang.invoke.DirectMethodHandle$Holder.invokeStaticInit(java.lang.Object, java.lang.Object)'> (0x0000000082f261a0) 
thrown [s\open\src\hotspot\share\interpreter\linkResolver.cpp, line 759]
Event: 2.815 Thread 0x000002425d6412a0 Exception <a 'java/lang/NoSuchMethodError'{0x0000000082dee1f8}: 'void java.lang.invoke.DelegatingMethodHandle$Holder.reinvoke_L(java.lang.Object, java.lang.Object, java.lang.Object, java.lang.Object, java.lang.Object, java.lang.Object, java.lang.Object, java.lang.Object, java.lang.Object, java.lang.Object)'> (0x0000000082dee1f8) 
thrown [s\open\src\hotspot\share\interpreter\linkResolver.cpp, line 759]
Event: 2.815 Thread 0x000002425d6412a0 Exception <a 'java/lang/NoSuchMethodError'{0x0000000082df6668}: 'java.lang.Object java.lang.invoke.DirectMethodHandle$Holder.invokeSpecial(java.lang.Object, java.lang.Object, java.lang.Object, java.lang.Object, java.lang.Object, java.lang.Object, java.lang.Object, java.lang.Object, java.lang.Object, java.lang.Object)'> (0x0000000082df6668) 
thrown [s\open\src\hotspot\share\interpreter\linkResolver.cpp, line 759]
Event: 2.816 Thread 0x000002425d6412a0 Exception <a 'java/lang/NoSuchMethodError'{0x0000000082dfaf38}: 'java.lang.Object java.lang.invoke.Invokers$Holder.invoker(java.lang.Object, java.lang.Object, java.lang.Object, java.lang.Object, java.lang.Object, java.lang.Object, java.lang.Object, java.lang.Object, java.lang.Object, java.lang.Object)'> (0x0000000082dfaf38) 
thrown [s\open\src\hotspot\share\interpreter\linkResolver.cpp, line 759]
Event: 2.816 Thread 0x000002425d6412a0 Exception <a 'java/lang/NoSuchMethodError'{0x0000000082c00f40}: 'java.lang.Object java.lang.invoke.DirectMethodHandle$Holder.invokeSpecial(java.lang.Object, java.lang.Object, java.lang.Object, java.lang.Object, java.lang.Object, java.lang.Object, java.lang.Object, java.lang.Object, java.lang.Object, java.lang.Object, java.lang.Object)'> (0x0000000082c00f40) 
thrown [s\open\src\hotspot\share\interpreter\linkResolver.cpp, line 759]
Event: 2.981 Thread 0x000002425d6412a0 Exception <a 'java/lang/NoSuchMethodError'{0x0000000085a08ac0}: 'void java.lang.invoke.DirectMethodHandle$Holder.invokeStaticInit(java.lang.Object)'> (0x0000000085a08ac0) 
thrown [s\open\src\hotspot\share\interpreter\linkResolver.cpp, line 759]
Event: 2.996 Thread 0x000002425d6412a0 Exception <a 'java/lang/NoSuchMethodError'{0x0000000085ae4c60}: 'java.lang.Object java.lang.invoke.DirectMethodHandle$Holder.newInvokeSpecial(java.lang.Object, java.lang.Object, java.lang.Object, int)'> (0x0000000085ae4c60) 
thrown [s\open\src\hotspot\share\interpreter\linkResolver.cpp, line 759]
Event: 2.996 Thread 0x000002425d6412a0 Exception <a 'java/lang/NoSuchMethodError'{0x0000000085ae9590}: 'java.lang.Object java.lang.invoke.DirectMethodHandle$Holder.invokeSpecial(java.lang.Object, java.lang.Object, java.lang.Object, java.lang.Object, int)'> (0x0000000085ae9590) 
thrown [s\open\src\hotspot\share\interpreter\linkResolver.cpp, line 759]
Event: 2.996 Thread 0x000002425d6412a0 Exception <a 'java/lang/NoSuchMethodError'{0x0000000085aed6a8}: 'java.lang.Object java.lang.invoke.Invokers$Holder.linkToTargetMethod(java.lang.Object, java.lang.Object, int, java.lang.Object)'> (0x0000000085aed6a8) 
thrown [s\open\src\hotspot\share\interpreter\linkResolver.cpp, line 759]
Event: 3.350 Thread 0x000002425d6412a0 Exception <a 'java/lang/NoSuchMethodError'{0x0000000084c592f0}: 'int java.lang.invoke.DirectMethodHandle$Holder.invokeSpecialIFC(java.lang.Object, java.lang.Object, java.lang.Object, java.lang.Object)'> (0x0000000084c592f0) 
thrown [s\open\src\hotspot\share\interpreter\linkResolver.cpp, line 759]
Event: 3.352 Thread 0x000002425d6412a0 Exception <a 'java/lang/NoSuchMethodError'{0x0000000084c685a8}: 'java.lang.Object java.lang.invoke.DirectMethodHandle$Holder.invokeInterface(java.lang.Object, java.lang.Object, java.lang.Object)'> (0x0000000084c685a8) 
thrown [s\open\src\hotspot\share\interpreter\linkResolver.cpp, line 759]
Event: 3.352 Thread 0x000002425d6412a0 Exception <a 'java/lang/IncompatibleClassChangeError'{0x0000000084c6c1c0}: Found class java.lang.Object, but interface was expected> (0x0000000084c6c1c0) 
thrown [s\open\src\hotspot\share\interpreter\linkResolver.cpp, line 826]
Event: 3.376 Thread 0x000002425d6412a0 Exception <a 'java/lang/NoSuchMethodError'{0x0000000084b67878}: 'int java.lang.invoke.DirectMethodHandle$Holder.invokeStatic(java.lang.Object, java.lang.Object, java.lang.Object, java.lang.Object)'> (0x0000000084b67878) 
thrown [s\open\src\hotspot\share\interpreter\linkResolver.cpp, line 759]
Event: 3.376 Thread 0x000002425d6412a0 Exception <a 'java/lang/NoSuchMethodError'{0x0000000084b6b4a0}: 'java.lang.Object java.lang.invoke.Invokers$Holder.invokeExact_MT(java.lang.Object, java.lang.Object, java.lang.Object, java.lang.Object, java.lang.Object, java.lang.Object)'> (0x0000000084b6b4a0) 
thrown [s\open\src\hotspot\share\interpreter\linkResolver.cpp, line 759]
Event: 3.467 Thread 0x000002425d6412a0 Exception <a 'java/lang/NoSuchMethodError'{0x0000000084765c60}: 'java.lang.Object java.lang.invoke.DirectMethodHandle$Holder.invokeSpecial(java.lang.Object, java.lang.Object, java.lang.Object, java.lang.Object, java.lang.Object, java.lang.Object, java.lang.Object, java.lang.Object, java.lang.Object)'> (0x0000000084765c60) 
thrown [s\open\src\hotspot\share\interpreter\linkResolver.cpp, line 759]
Event: 3.554 Thread 0x000002425d6412a0 Exception <a 'java/lang/NoSuchMethodError'{0x0000000084268b38}: 'java.lang.Object java.lang.invoke.DirectMethodHandle$Holder.invokeVirtual(java.lang.Object, java.lang.Object, java.lang.Object, java.lang.Object)'> (0x0000000084268b38) 
thrown [s\open\src\hotspot\share\interpreter\linkResolver.cpp, line 759]
Event: 3.596 Thread 0x000002425d6412a0 Exception <a 'java/lang/NoSuchMethodError'{0x00000000841be8c8}: 'java.lang.Object java.lang.invoke.DirectMethodHandle$Holder.newInvokeSpecial(java.lang.Object, java.lang.Object, java.lang.Object, java.lang.Object, java.lang.Object, java.lang.Object, java.lang.Object)'> (0x00000000841be8c8) 
thrown [s\open\src\hotspot\share\interpreter\linkResolver.cpp, line 759]
Event: 3.596 Thread 0x000002425d6412a0 Exception <a 'java/lang/NoSuchMethodError'{0x00000000841c3858}: 'java.lang.Object java.lang.invoke.Invokers$Holder.linkToTargetMethod(java.lang.Object, java.lang.Object, java.lang.Object, java.lang.Object, java.lang.Object, java.lang.Object, java.lang.Object)'> (0x00000000841c3858) 
thrown [s\open\src\hotspot\share\interpreter\linkResolver.cpp, line 759]
Event: 3.699 Thread 0x000002425d6412a0 Implicit null exception at 0x000002422dd458d8 to 0x000002422dd4596e

VM Operations (20 events):
Event: 2.057 Executing VM operation: HandshakeAllThreads
Event: 2.057 Executing VM operation: HandshakeAllThreads done
Event: 2.268 Executing VM operation: HandshakeAllThreads
Event: 2.268 Executing VM operation: HandshakeAllThreads done
Event: 2.351 Executing VM operation: HandshakeAllThreads
Event: 2.351 Executing VM operation: HandshakeAllThreads done
Event: 2.351 Executing VM operation: Cleanup
Event: 2.351 Executing VM operation: Cleanup done
Event: 2.787 Executing VM operation: HandshakeAllThreads
Event: 2.787 Executing VM operation: HandshakeAllThreads done
Event: 2.901 Executing VM operation: G1CollectForAllocation
Event: 2.909 Executing VM operation: G1CollectForAllocation done
Event: 3.064 Executing VM operation: HandshakeAllThreads
Event: 3.065 Executing VM operation: HandshakeAllThreads done
Event: 3.065 Executing VM operation: HandshakeAllThreads
Event: 3.065 Executing VM operation: HandshakeAllThreads done
Event: 3.101 Executing VM operation: HandshakeAllThreads
Event: 3.101 Executing VM operation: HandshakeAllThreads done
Event: 3.101 Executing VM operation: HandshakeAllThreads
Event: 3.101 Executing VM operation: HandshakeAllThreads done

Events (20 events):
Event: 3.361 loading class java/io/ObjectOutputStream
Event: 3.361 loading class java/io/ObjectOutput
Event: 3.362 loading class java/io/ObjectOutput done
Event: 3.362 loading class java/io/ObjectStreamConstants
Event: 3.362 loading class java/io/ObjectStreamConstants done
Event: 3.362 loading class java/io/ObjectOutputStream done
Event: 3.362 loading class java/io/ObjectInputStream
Event: 3.363 loading class java/io/ObjectInput
Event: 3.363 loading class java/io/ObjectInput done
Event: 3.363 loading class java/io/ObjectInputStream done
Event: 3.526 loading class javax/xml/parsers/ParserConfigurationException
Event: 3.526 loading class javax/xml/parsers/ParserConfigurationException done
Event: 3.526 loading class org/xml/sax/SAXException
Event: 3.527 loading class org/xml/sax/SAXException done
Event: 3.527 loading class javax/xml/xpath/XPathExpressionException
Event: 3.527 loading class javax/xml/xpath/XPathException
Event: 3.527 loading class javax/xml/xpath/XPathException done
Event: 3.527 loading class javax/xml/xpath/XPathExpressionException done
Event: 3.527 loading class org/xml/sax/ErrorHandler
Event: 3.528 loading class org/xml/sax/ErrorHandler done


Dynamic libraries:
0x00007ff6acff0000 - 0x00007ff6ad000000 	C:\Program Files\Java\jdk-17\bin\java.exe
0x00007ffd533d0000 - 0x00007ffd535e7000 	C:\WINDOWS\SYSTEM32\ntdll.dll
0x00007ffd52170000 - 0x00007ffd52234000 	C:\WINDOWS\System32\KERNEL32.DLL
0x00007ffd50a70000 - 0x00007ffd50e16000 	C:\WINDOWS\System32\KERNELBASE.dll
0x00007ffd508d0000 - 0x00007ffd509e1000 	C:\WINDOWS\System32\ucrtbase.dll
0x00007ffd27030000 - 0x00007ffd2704b000 	C:\Program Files\Java\jdk-17\bin\VCRUNTIME140.dll
0x00007ffd27c80000 - 0x00007ffd27c99000 	C:\Program Files\Java\jdk-17\bin\jli.dll
0x00007ffd53180000 - 0x00007ffd53231000 	C:\WINDOWS\System32\ADVAPI32.dll
0x00007ffd52b30000 - 0x00007ffd52bd7000 	C:\WINDOWS\System32\msvcrt.dll
0x00007ffd52250000 - 0x00007ffd522f5000 	C:\WINDOWS\System32\sechost.dll
0x00007ffd53060000 - 0x00007ffd53177000 	C:\WINDOWS\System32\RPCRT4.dll
0x00007ffd51f70000 - 0x00007ffd5211e000 	C:\WINDOWS\System32\USER32.dll
0x00007ffd50f80000 - 0x00007ffd50fa6000 	C:\WINDOWS\System32\win32u.dll
0x00007ffd33dd0000 - 0x00007ffd34063000 	C:\WINDOWS\WinSxS\amd64_microsoft.windows.common-controls_6595b64144ccf1df_6.0.22621.2506_none_270c5ae97388e100\COMCTL32.dll
0x00007ffd528f0000 - 0x00007ffd52919000 	C:\WINDOWS\System32\GDI32.dll
0x00007ffd507b0000 - 0x00007ffd508c8000 	C:\WINDOWS\System32\gdi32full.dll
0x00007ffd50e20000 - 0x00007ffd50eba000 	C:\WINDOWS\System32\msvcp_win.dll
0x00007ffd47bb0000 - 0x00007ffd47bba000 	C:\WINDOWS\SYSTEM32\VERSION.dll
0x00007ffd51120000 - 0x00007ffd51151000 	C:\WINDOWS\System32\IMM32.DLL
0x00007ffd4b7e0000 - 0x00007ffd4b7ec000 	C:\Program Files\Java\jdk-17\bin\vcruntime140_1.dll
0x00007ffcb9650000 - 0x00007ffcb96de000 	C:\Program Files\Java\jdk-17\bin\msvcp140.dll
0x00007ffc97090000 - 0x00007ffc97c71000 	C:\Program Files\Java\jdk-17\bin\server\jvm.dll
0x00007ffd51f60000 - 0x00007ffd51f68000 	C:\WINDOWS\System32\PSAPI.DLL
0x00007ffd27ea0000 - 0x00007ffd27ea9000 	C:\WINDOWS\SYSTEM32\WSOCK32.dll
0x00007ffd52770000 - 0x00007ffd527e1000 	C:\WINDOWS\System32\WS2_32.dll
0x00007ffd47ea0000 - 0x00007ffd47ed4000 	C:\WINDOWS\SYSTEM32\WINMM.dll
0x00007ffd4f740000 - 0x00007ffd4f758000 	C:\WINDOWS\SYSTEM32\kernel.appcore.dll
0x00007ffd28170000 - 0x00007ffd2817a000 	C:\Program Files\Java\jdk-17\bin\jimage.dll
0x00007ffd4e2c0000 - 0x00007ffd4e4f3000 	C:\WINDOWS\SYSTEM32\DBGHELP.DLL
0x00007ffd523e0000 - 0x00007ffd52769000 	C:\WINDOWS\System32\combase.dll
0x00007ffd52300000 - 0x00007ffd523d7000 	C:\WINDOWS\System32\OLEAUT32.dll
0x00007ffd3f140000 - 0x00007ffd3f172000 	C:\WINDOWS\SYSTEM32\dbgcore.DLL
0x00007ffd509f0000 - 0x00007ffd50a6a000 	C:\WINDOWS\System32\bcryptPrimitives.dll
0x00007ffd22ef0000 - 0x00007ffd22efe000 	C:\Program Files\Java\jdk-17\bin\instrument.dll
0x00007ffcfe7d0000 - 0x00007ffcfe7f5000 	C:\Program Files\Java\jdk-17\bin\java.dll
0x00007ffcb9570000 - 0x00007ffcb9647000 	C:\Program Files\Java\jdk-17\bin\jsvml.dll
0x00007ffd51520000 - 0x00007ffd51d7a000 	C:\WINDOWS\System32\SHELL32.dll
0x00007ffd4e660000 - 0x00007ffd4ef56000 	C:\WINDOWS\SYSTEM32\windows.storage.dll
0x00007ffd4e520000 - 0x00007ffd4e65e000 	C:\WINDOWS\SYSTEM32\wintypes.dll
0x00007ffd52920000 - 0x00007ffd52a13000 	C:\WINDOWS\System32\SHCORE.dll
0x00007ffd52ad0000 - 0x00007ffd52b2e000 	C:\WINDOWS\System32\shlwapi.dll
0x00007ffd50670000 - 0x00007ffd50696000 	C:\WINDOWS\SYSTEM32\profapi.dll
0x00007ffced860000 - 0x00007ffced878000 	C:\Program Files\Java\jdk-17\bin\zip.dll
0x00007ffcfe9d0000 - 0x00007ffcfe9e9000 	C:\Program Files\Java\jdk-17\bin\net.dll
0x00007ffd49070000 - 0x00007ffd491a7000 	C:\WINDOWS\SYSTEM32\WINHTTP.dll
0x00007ffd4fbc0000 - 0x00007ffd4fc29000 	C:\WINDOWS\system32\mswsock.dll
0x00007ffcfe640000 - 0x00007ffcfe656000 	C:\Program Files\Java\jdk-17\bin\nio.dll
0x00007ffd26f20000 - 0x00007ffd26f30000 	C:\Program Files\Java\jdk-17\bin\verify.dll
0x00007ffd229a0000 - 0x00007ffd229c7000 	C:\Users\bouir\.gradle\native\68d5fa5c4cc2d200863cafc0d521ce42e7d3e7ee720ec0a83991735586a16f82\windows-amd64\native-platform.dll
0x00007ffcc1e80000 - 0x00007ffcc1fc4000 	C:\Users\bouir\.gradle\native\e376f236ea51e6404a007f0833ffe2c6e607c4080706a723a18a27aeea778392\windows-amd64\native-platform-file-events.dll
0x00007ffd230b0000 - 0x00007ffd230ba000 	C:\Program Files\Java\jdk-17\bin\management.dll
0x00007ffd22f60000 - 0x00007ffd22f6b000 	C:\Program Files\Java\jdk-17\bin\management_ext.dll
0x00007ffd4fe20000 - 0x00007ffd4fe3b000 	C:\WINDOWS\SYSTEM32\CRYPTSP.dll
0x00007ffd4f6a0000 - 0x00007ffd4f6d5000 	C:\WINDOWS\system32\rsaenh.dll
0x00007ffd4fcb0000 - 0x00007ffd4fcdc000 	C:\WINDOWS\SYSTEM32\USERENV.dll
0x00007ffd50000000 - 0x00007ffd50028000 	C:\WINDOWS\SYSTEM32\bcrypt.dll
0x00007ffd4fe10000 - 0x00007ffd4fe1c000 	C:\WINDOWS\SYSTEM32\CRYPTBASE.dll
0x00007ffd4f1c0000 - 0x00007ffd4f1ed000 	C:\WINDOWS\SYSTEM32\IPHLPAPI.DLL
0x00007ffd51df0000 - 0x00007ffd51df9000 	C:\WINDOWS\System32\NSI.dll
0x00007ffd49350000 - 0x00007ffd49369000 	C:\WINDOWS\SYSTEM32\dhcpcsvc6.DLL
0x00007ffd48d40000 - 0x00007ffd48d5f000 	C:\WINDOWS\SYSTEM32\dhcpcsvc.DLL
0x00007ffd4f230000 - 0x00007ffd4f329000 	C:\WINDOWS\SYSTEM32\DNSAPI.dll
0x00007ffd22640000 - 0x00007ffd2264e000 	C:\Program Files\Java\jdk-17\bin\sunmscapi.dll
0x00007ffd50fb0000 - 0x00007ffd51116000 	C:\WINDOWS\System32\CRYPT32.dll
0x00007ffd4ffd0000 - 0x00007ffd4fffd000 	C:\WINDOWS\SYSTEM32\ncrypt.dll
0x00007ffd4ff90000 - 0x00007ffd4ffc7000 	C:\WINDOWS\SYSTEM32\NTASN1.dll
0x00007ffd22970000 - 0x00007ffd22978000 	C:\WINDOWS\system32\wshunix.dll

dbghelp: loaded successfully - version: 4.0.5 - missing functions: none
symbol engine: initialized successfully - sym options: 0x614 - pdb path: .;C:\Program Files\Java\jdk-17\bin;C:\WINDOWS\SYSTEM32;C:\WINDOWS\WinSxS\amd64_microsoft.windows.common-controls_6595b64144ccf1df_6.0.22621.2506_none_270c5ae97388e100;C:\Program Files\Java\jdk-17\bin\server;C:\Users\bouir\.gradle\native\68d5fa5c4cc2d200863cafc0d521ce42e7d3e7ee720ec0a83991735586a16f82\windows-amd64;C:\Users\bouir\.gradle\native\e376f236ea51e6404a007f0833ffe2c6e607c4080706a723a18a27aeea778392\windows-amd64

VM Arguments:
jvm_args: -XX:MaxMetaspaceSize=512m --add-opens=java.base/java.util=ALL-UNNAMED --add-opens=java.base/java.lang=ALL-UNNAMED --add-opens=java.base/java.lang.invoke=ALL-UNNAMED --add-opens=java.prefs/java.util.prefs=ALL-UNNAMED --add-opens=java.base/java.nio.charset=ALL-UNNAMED --add-opens=java.base/java.net=ALL-UNNAMED --add-opens=java.base/java.util.concurrent.atomic=ALL-UNNAMED -Xmx2048m -Dfile.encoding=windows-1252 -Duser.country=FR -Duser.language=fr -Duser.variant -javaagent:C:\Users\bouir\.gradle\wrapper\dists\gradle-8.3-all\6en3ugtfdg5xnpx44z4qbwgas\gradle-8.3\lib\agents\gradle-instrumentation-agent-8.3.jar 
java_command: org.gradle.launcher.daemon.bootstrap.GradleDaemon 8.3
java_class_path (initial): C:\Users\bouir\.gradle\wrapper\dists\gradle-8.3-all\6en3ugtfdg5xnpx44z4qbwgas\gradle-8.3\lib\gradle-launcher-8.3.jar
Launcher Type: SUN_STANDARD

[Global flags]
     intx CICompilerCount                          = 4                                         {product} {ergonomic}
   size_t CompressedClassSpaceSize                 = 436207616                                 {product} {ergonomic}
     uint ConcGCThreads                            = 3                                         {product} {ergonomic}
     uint G1ConcRefinementThreads                  = 10                                        {product} {ergonomic}
   size_t G1HeapRegionSize                         = 1048576                                   {product} {ergonomic}
    uintx GCDrainStackTargetSize                   = 64                                        {product} {ergonomic}
   size_t InitialHeapSize                          = 98566144                                  {product} {ergonomic}
   size_t MarkStackSize                            = 4194304                                   {product} {ergonomic}
   size_t MaxHeapSize                              = 2147483648                                {product} {command line}
   size_t MaxMetaspaceSize                         = 536870912                                 {product} {command line}
   size_t MaxNewSize                               = 1287651328                                {product} {ergonomic}
   size_t MinHeapDeltaBytes                        = 1048576                                   {product} {ergonomic}
   size_t MinHeapSize                              = 8388608                                   {product} {ergonomic}
    uintx NonNMethodCodeHeapSize                   = 5839372                                {pd product} {ergonomic}
    uintx NonProfiledCodeHeapSize                  = 122909434                              {pd product} {ergonomic}
    uintx ProfiledCodeHeapSize                     = 122909434                              {pd product} {ergonomic}
    uintx ReservedCodeCacheSize                    = 251658240                              {pd product} {ergonomic}
     bool SegmentedCodeCache                       = true                                      {product} {ergonomic}
   size_t SoftMaxHeapSize                          = 2147483648                             {manageable} {ergonomic}
     bool UseCompressedClassPointers               = true                           {product lp64_product} {ergonomic}
     bool UseCompressedOops                        = true                           {product lp64_product} {ergonomic}
     bool UseG1GC                                  = true                                      {product} {ergonomic}
     bool UseLargePagesIndividualAllocation        = false                                  {pd product} {ergonomic}

Logging:
Log output configuration:
 #0: stdout all=warning uptime,level,tags
 #1: stderr all=off uptime,level,tags

Environment Variables:
JAVA_HOME=C:\Program Files\Java\jdk-17
CLASSPATH=C:\Users\bouir\dentproject\android\\gradle\wrapper\gradle-wrapper.jar
PATH=C:\Users\bouir\dentproject\node_modules\.bin;C:\Users\bouir\dentproject\node_modules\.bin;C:\Users\bouir\node_modules\.bin;C:\Users\node_modules\.bin;C:\node_modules\.bin;C:\Program Files\nodejs\node_modules\npm\node_modules\@npmcli\run-script\lib\node-gyp-bin;C:\Users\bouir\dentproject\node_modules\.bin;C:\Users\bouir\dentproject\node_modules\.bin;C:\Users\bouir\node_modules\.bin;C:\Users\node_modules\.bin;C:\node_modules\.bin;C:\Program Files\nodejs\node_modules\npm\node_modules\@npmcli\run-script\lib\node-gyp-bin;C:\Program Files\Common Files\Oracle\Java\javapath;C:\Python312\Scripts\;C:\Python312\;C:\WINDOWS\system32;C:\WINDOWS;C:\WINDOWS\System32\Wbem;C:\WINDOWS\System32\WindowsPowerShell\v1.0\;C:\WINDOWS\System32\OpenSSH\;C:\Program Files\Git\cmd;C:\Program Files\Git\bin;C:\Users\bouir\anaconda32\condabin;C:\Program Files\nodejs\;C:\ProgramData\chocolatey\bin;C:\Program Files\Java\jdk-17\bin;C:\Users\bouir\Downloads\platform-tools_r34.0.5-windows\platform-tools;C:\Users\bouir\AppData\Local\Programs\Python\Python37\Scripts\;C:\Users\bouir\AppData\Local\Programs\Python\Python37\;C:\Users\bouir\AppData\Local\Microsoft\WindowsApps;C:\Users\bouir\AppData\Local\Programs\Microsoft VS Code\bin;C:\Program Files\JetBrains\PyCharm 2023.2.5\bin;;C:\Users\bouir\anaconda32\condabin;C:\Users\bouir\AppData\Roaming\npm
USERNAME=bouir
OS=Windows_NT
PROCESSOR_IDENTIFIER=AMD64 Family 23 Model 104 Stepping 1, AuthenticAMD



---------------  S Y S T E M  ---------------

OS:
 Windows 11 , 64 bit Build 22621 (10.0.22621.2506)
OS uptime: 3 days 6:29 hours

CPU: total 12 (initial active 12) (12 cores per cpu, 2 threads per core) family 23 model 104 stepping 1 microcode 0x0, cx8, cmov, fxsr, ht, mmx, 3dnowpref, sse, sse2, sse3, ssse3, sse4a, sse4.1, sse4.2, popcnt, lzcnt, tsc, tscinvbit, avx, avx2, aes, clmul, bmi1, bmi2, adx, sha, fma, vzeroupper, clflush, clflushopt

Memory: 4k page, system-wide physical 6005M (36M free)
TotalPageFile size 24437M (AvailPageFile size 5M)
current process WorkingSet (physical memory assigned to process): 180M, peak: 180M
current process commit charge ("private bytes"): 243M, peak: 245M

vm_info: Java HotSpot(TM) 64-Bit Server VM (17.0.9+11-LTS-201) for windows-amd64 JRE (17.0.9+11-LTS-201), built on Oct 10 2023 23:16:06 by "mach5one" with MS VC++ 17.1 (VS2022)

END.
